TN:
SF:src/modules/users/services/CreateSessionService.ts
FN:22,CreateSessionService
FN:30,Object.<anonymous>.CreateSessionService.execute
FNF:2
FNH:2
FNDA:3,CreateSessionService
FNDA:3,Object.<anonymous>.CreateSessionService.execute
DA:1,1
DA:2,1
DA:3,1
DA:4,1
DA:5,1
DA:6,1
DA:7,1
DA:8,1
DA:9,1
DA:10,1
DA:11,1
DA:12,1
DA:13,1
DA:14,1
DA:15,1
DA:16,1
DA:17,1
DA:18,1
DA:19,1
DA:20,1
DA:21,1
DA:22,1
DA:23,3
DA:24,3
DA:25,3
DA:26,3
DA:27,3
DA:28,3
DA:29,1
DA:30,1
DA:31,3
DA:32,3
DA:33,3
DA:34,1
DA:35,1
DA:36,2
DA:37,2
DA:38,2
DA:39,2
DA:40,2
DA:41,3
DA:42,3
DA:43,1
DA:44,1
DA:45,1
DA:46,1
DA:47,1
DA:48,1
DA:49,1
DA:50,1
DA:51,1
DA:52,1
DA:53,1
DA:54,1
DA:55,1
DA:56,1
DA:57,3
DA:58,1
DA:59,1
DA:60,1
LF:60
LH:60
BRDA:21,0,0,1
BRDA:22,1,0,3
BRDA:30,2,0,3
BRDA:31,3,0,3
BRDA:33,4,0,1
BRDA:36,5,0,2
BRDA:42,6,0,1
BRF:7
BRH:7
end_of_record
TN:
SF:src/modules/users/services/CreateUserService.ts
FN:15,CreateUserService
FN:23,Object.<anonymous>.CreateUserService.execute
FNF:2
FNH:2
FNDA:5,CreateUserService
FNDA:5,Object.<anonymous>.CreateUserService.execute
DA:1,1
DA:2,1
DA:3,1
DA:4,1
DA:5,1
DA:6,1
DA:7,1
DA:8,1
DA:9,1
DA:10,1
DA:11,1
DA:12,1
DA:13,1
DA:14,2
DA:15,2
DA:16,5
DA:17,5
DA:18,5
DA:19,5
DA:20,5
DA:21,5
DA:22,2
DA:23,2
DA:24,5
DA:25,5
DA:26,5
DA:27,1
DA:28,1
DA:29,4
DA:30,4
DA:31,5
DA:32,5
DA:33,5
DA:34,5
DA:35,5
DA:36,5
DA:37,5
DA:38,5
DA:39,2
DA:40,1
DA:41,1
LF:41
LH:41
BRDA:14,0,0,2
BRDA:15,1,0,5
BRDA:23,2,0,5
BRDA:24,3,0,5
BRDA:26,4,0,1
BRDA:29,5,0,4
BRF:6
BRH:6
end_of_record
